            --------------------------------------------------------
                             AMBER SQM VERSION 17
 
                                     By
              Ross C. Walker, Michael F. Crowley, Scott Brozell,
                         Tim Giese, Andreas W. Goetz,
                        Tai-Sung Lee and David A. Case
 
            --------------------------------------------------------
 

--------------------------------------------------------------------------------
  QM CALCULATION INFO
--------------------------------------------------------------------------------

| QMMM: Citation for AMBER QMMM Run:
| QMMM: R.C. Walker, M.F. Crowley and D.A. Case, J. COMP. CHEM. 29:1019, 2008

QMMM: SINGLET STATE CALCULATION
QMMM: RHF CALCULATION, NO. OF DOUBLY OCCUPIED LEVELS = 87

| QMMM: *** Selected Hamiltonian *** 
| QMMM: AM1         

| QMMM: *** Parameter sets in use ***
| QMMM: P : M.J.S.DEWAR et al. THEOCHEM, 187,1, (1989)
| QMMM: O : M.J.S.DEWAR et al. JACS, 107, 3902, (1985)
| QMMM: C : M.J.S.DEWAR et al. JACS, 107, 3902, (1985)
| QMMM: N : M.J.S.DEWAR et al. JACS, 107, 3902, (1985)
| QMMM: H : M.J.S.DEWAR et al. JACS, 107, 3902, (1985)

| QMMM: *** SCF convergence criteria ***
| QMMM: Energy change                :  0.1D-09 kcal/mol
| QMMM: Error matrix |FP-PF|         :  0.1D+00 au
| QMMM: Density matrix change        :  0.5D-06
| QMMM: Maximum number of SCF cycles :     1000

| QMMM: *** Diagonalization Routine Information ***
| QMMM: Pseudo diagonalizations are allowed.
| QMMM: Auto diagonalization routine selection is in use.
| QMMM:
| QMMM: Timing diagonalization routines:
| QMMM:                              norbs =      136
| QMMM:    diag iterations used for timing =       10
| QMMM:
| QMMM:              Internal diag routine = 0.177813 seconds
| QMMM:                 Dspev diag routine = 0.261834 seconds
| QMMM:                Dspevd diag routine = 0.190319 seconds
| QMMM:                Dspevx diag routine = 0.624206 seconds
| QMMM:                 Dsyev diag routine = 0.287561 seconds
| QMMM:                Dsyevd diag routine = 0.191164 seconds
| QMMM:                Dsyevr diag routine = 0.195656 seconds
| QMMM:
| QMMM:                Pseudo diag routine = 0.085238 seconds
| QMMM:
| QMMM: Using internal diagonalization routine (diag_routine=1).

  QMMM: QM Region Cartesian Coordinates (*=link atom) 
  QMMM: QM_NO.   MM_NO.  ATOM         X         Y         Z
  QMMM:     1        1      P       16.2230    8.1510   -1.0150
  QMMM:     2        2      O       17.5500    8.5360   -0.5150
  QMMM:     3        3      O       15.7480    6.8350   -0.4270
  QMMM:     4        4      O       16.2550    8.0140   -2.4380
  QMMM:     5        5      P       14.4710   10.5200   -1.4900
  QMMM:     6        6      O       13.9290    9.9200   -2.7000
  QMMM:     7        7      O       15.3180   11.7370   -1.6370
  QMMM:     8        8      O       15.1960    9.3630   -0.6810
  QMMM:     9        9      P       11.9680    9.8680   -0.2600
  QMMM:    10       10      O       11.1000    9.8800   -1.4300
  QMMM:    11       11      O       12.4260    8.5140    0.1440
  QMMM:    12       12      O       13.2420   10.7950   -0.5670
  QMMM:    13       13      O       11.3330   10.5910    1.0110
  QMMM:    14       14      C       12.0920   10.3730    2.2270
  QMMM:    15       15      C       11.2380    9.9220    3.4060
  QMMM:    16       16      O       10.0030   10.6810    3.3860
  QMMM:    17       17      C       10.7220    8.4980    3.3950
  QMMM:    18       18      O       11.7050    7.5330    3.7170
  QMMM:    19       19      C        9.5600    8.6060    4.4010
  QMMM:    20       20      O        9.9420    8.5620    5.7640
  QMMM:    21       21      C        8.9880    9.9570    4.0850
  QMMM:    22       22      N        7.7780    9.9240    3.2360
  QMMM:    23       23      C        7.8840    9.9060    1.8790
  QMMM:    24       24      N        6.7310    9.9040    1.2480
  QMMM:    25       25      C        5.7960    9.9770    2.2530
  QMMM:    26       26      C        4.3730   10.0390    2.2440
  QMMM:    27       27      N        3.6160   10.0010    1.1280
  QMMM:    28       28      N        3.7560   10.0340    3.4450
  QMMM:    29       29      C        4.4990   10.0760    4.5820
  QMMM:    30       30      N        5.8250   10.0530    4.7050
  QMMM:    31       31      C        6.4250    9.8730    3.4960
  QMMM:    32       32      H       12.5780   11.2890    2.4920
  QMMM:    33       33      H       12.7890    9.5870    2.0250
  QMMM:    34       34      H       11.8990   10.0480    4.2370
  QMMM:    35       35      H       10.4170    8.1430    2.4330
  QMMM:    36       36      H       12.0810    7.7330    4.5890
  QMMM:    37       37      H        8.8920    7.7760    4.2980
  QMMM:    38       38      H       10.5560    9.2890    5.9510
  QMMM:    39       39      H        8.6920   10.4080    5.0090
  QMMM:    40       40      H        8.7920    9.8950    1.3880
  QMMM:    41       41      H        4.0450   10.0040    0.2420
  QMMM:    42       42      H        2.6350    9.9700    1.2000
  QMMM:    43       43      H        3.9670   10.1330    5.4640

--------------------------------------------------------------------------------
  RESULTS
--------------------------------------------------------------------------------

      iter         sqm energy              rms gradient
      ----    -------------------    -----------------------
xmin    10     -467.1472 kcal/mol        3.1513 kcal/(mol*A)
xmin    20     -484.0756 kcal/mol        2.2560 kcal/(mol*A)
xmin    30     -489.7002 kcal/mol        1.2285 kcal/(mol*A)
xmin    40     -493.1998 kcal/mol        0.9027 kcal/(mol*A)
xmin    50     -495.9269 kcal/mol        0.6289 kcal/(mol*A)
xmin    60     -507.0168 kcal/mol        5.0834 kcal/(mol*A)
xmin    70     -533.6081 kcal/mol        1.6036 kcal/(mol*A)
xmin    80     -538.1366 kcal/mol        2.3873 kcal/(mol*A)
xmin    90     -541.5558 kcal/mol        2.1526 kcal/(mol*A)
xmin   100     -545.7763 kcal/mol        2.2347 kcal/(mol*A)
xmin   110     -549.9273 kcal/mol        1.2109 kcal/(mol*A)
xmin   120     -550.9418 kcal/mol        0.4361 kcal/(mol*A)
xmin   130     -551.2858 kcal/mol        0.0788 kcal/(mol*A)
xmin   140     -551.3158 kcal/mol        0.1060 kcal/(mol*A)
xmin   150     -551.3390 kcal/mol        0.1073 kcal/(mol*A)
xmin   160     -551.3587 kcal/mol        0.1066 kcal/(mol*A)
xmin   170     -551.3684 kcal/mol        0.0416 kcal/(mol*A)
xmin   180     -551.3798 kcal/mol        0.1080 kcal/(mol*A)
xmin   190     -551.4008 kcal/mol        0.1112 kcal/(mol*A)
xmin   200     -551.4179 kcal/mol        0.0692 kcal/(mol*A)
xmin   210     -551.4282 kcal/mol        0.0197 kcal/(mol*A)
xmin   220     -551.4301 kcal/mol        0.0135 kcal/(mol*A)
xmin   230     -551.4303 kcal/mol        0.0039 kcal/(mol*A)
xmin   240     -551.4303 kcal/mol        0.0008 kcal/(mol*A)
xmin   250     -551.4303 kcal/mol        0.0016 kcal/(mol*A)
  ... geometry converged !
 
 Final MO eigenvalues (eV):
 -32.6772  -31.8939  -29.6401  -28.9262  -28.0959  -27.9143  -27.5790  -26.8542
 -24.6558  -24.6055  -24.1711  -24.0899  -22.3311  -21.8402  -21.6094  -21.4376
 -20.5670  -20.2259  -19.9868  -19.3137  -19.2967  -16.9352  -15.5823  -14.7830
 -14.4045  -12.9341  -11.5802  -10.7050  -10.2663  -10.1482   -9.6631   -9.2738
  -8.8715   -8.6303   -8.4808   -8.1531   -7.5885   -7.5326   -6.9516   -6.8262
  -6.7785   -6.6311   -6.5379   -6.1913   -6.1371   -5.5001   -5.3191   -5.0444
  -4.7240   -4.6622   -4.4125   -4.3694   -4.1166   -3.8290   -3.7423   -3.3364
  -2.9935   -2.9467   -2.8957   -2.7166   -2.6494   -2.4442   -2.2637   -2.0213
  -1.9437   -1.7322   -1.6657   -1.5648   -1.4534   -1.3688   -1.1045   -1.0571
  -0.8261   -0.4227   -0.3540    0.0806    0.2816    0.3545    0.4372    0.8420
   0.8754    1.6553    2.7023    2.7129    2.7406    2.8310    2.8347    8.2567
   8.5410   10.2900   10.5498   10.8776   11.2337   11.4912   11.7018   11.8575
  11.8653   12.0140   12.0676   12.1712   12.4072   12.4415   12.6078   12.6978
  12.8072   12.9957   13.0816   13.3600   13.3942   13.4569   13.6487   13.6712
  13.8229   13.8792   13.9929   14.1125   14.2599   14.3074   14.5010   14.7409
  14.9174   15.0513   15.1306   15.5067   16.0418   16.1447   16.3225   16.4590
  17.0828   17.5420   18.3645   19.1719   20.1097   20.6645   21.7658   21.7791


 Heat of formation   =       -551.43029470 kcal/mol  (      -23.91181192 eV)

 Total SCF energy    =    -162178.57938197 kcal/mol  (    -7032.59092763 eV)
 Electronic energy   =   -1136222.61570427 kcal/mol  (   -49270.30986099 eV)
 Core-core repulsion =     974044.03632229 kcal/mol  (    42237.71893336 eV)
 
    Atomic Charges for Step       1 :
  Atom    Element       Mulliken Charge
     1      P                  2.640
     2      O                 -1.270
     3      O                 -1.265
     4      O                 -1.265
     5      P                  2.784
     6      O                 -1.225
     7      O                 -1.251
     8      O                 -1.265
     9      P                  2.714
    10      O                 -1.153
    11      O                 -0.827
    12      O                 -1.256
    13      O                 -0.768
    14      C                  0.018
    15      C                 -0.015
    16      O                 -0.290
    17      C                  0.001
    18      O                 -0.401
    19      C                  0.003
    20      O                 -0.347
    21      C                  0.149
    22      N                 -0.191
    23      C                 -0.107
    24      N                 -0.348
    25      C                 -0.120
    26      C                  0.008
    27      N                 -0.287
    28      N                 -0.252
    29      C                 -0.106
    30      N                 -0.181
    31      C                 -0.005
    32      H                  0.067
    33      H                  0.154
    34      H                  0.101
    35      H                  0.118
    36      H                  0.307
    37      H                  0.147
    38      H                  0.214
    39      H                  0.081
    40      H                  0.264
    41      H                  0.168
    42      H                  0.122
    43      H                  0.135
 Total Mulliken Charge =      -4.000
 
                  X        Y        Z     TOTAL  
  QM DIPOLE  -250.069 -184.804  -17.932  311.462
 
 Final Structure

  QMMM: QM Region Cartesian Coordinates (*=link atom) 
  QMMM: QM_NO.   MM_NO.  ATOM         X         Y         Z
  QMMM:     1        1      P       17.8940    9.2061    0.1932
  QMMM:     2        2      O       18.5106    9.3130    1.5579
  QMMM:     3        3      O       17.8524    7.8242   -0.3883
  QMMM:     4        4      O       18.2893   10.2871   -0.7683
  QMMM:     5        5      P       14.7216    9.8595    1.0415
  QMMM:     6        6      O       14.3556   11.2623    1.3404
  QMMM:     7        7      O       14.0436    8.8084    1.8502
  QMMM:     8        8      O       16.1458    9.5615    0.5611
  QMMM:     9        9      P       12.4279    9.4157   -1.3229
  QMMM:    10       10      O       12.2137   10.0694   -2.6176
  QMMM:    11       11      O       12.4134    7.8087   -1.4609
  QMMM:    12       12      O       13.6207    9.6449   -0.4043
  QMMM:    13       13      O       11.0910    9.5872   -0.3981
  QMMM:    14       14      C       11.1389   10.4321    0.7162
  QMMM:    15       15      C       10.5841    9.7809    1.9880
  QMMM:    16       16      O        9.2788   10.3321    2.2639
  QMMM:    17       17      C       10.4435    8.2481    1.9952
  QMMM:    18       18      O       11.4690    7.6196    2.7344
  QMMM:    19       19      C        9.0995    7.9709    2.7125
  QMMM:    20       20      O        9.2203    7.1806    3.8763
  QMMM:    21       21      C        8.5525    9.3891    3.0888
  QMMM:    22       22      N        7.1309    9.5417    2.9468
  QMMM:    23       23      C        6.2577    8.8150    2.0853
  QMMM:    24       24      N        4.9613    9.1715    2.2838
  QMMM:    25       25      C        4.9496   10.1384    3.2798
  QMMM:    26       26      C        3.9200   10.8539    3.9397
  QMMM:    27       27      N        2.5640   10.7142    3.5102
  QMMM:    28       28      N        4.2226   11.7168    4.9654
  QMMM:    29       29      C        5.5330   11.8589    5.2755
  QMMM:    30       30      N        6.6334   11.2656    4.7361
  QMMM:    31       31      C        6.3447   10.4014    3.7351
  QMMM:    32       32      H       10.5081   11.3413    0.4972
  QMMM:    33       33      H       12.2163   10.7348    0.9268
  QMMM:    34       34      H       11.2540   10.0867    2.8447
  QMMM:    35       35      H       10.4160    7.8368    0.9522
  QMMM:    36       36      H       12.3317    7.9830    2.4308
  QMMM:    37       37      H        8.3808    7.4228    2.0463
  QMMM:    38       38      H       10.0804    7.3741    4.2736
  QMMM:    39       39      H        8.8290    9.6192    4.1633
  QMMM:    40       40      H       12.9418    7.3680   -0.7990
  QMMM:    41       41      H        2.4952    9.9393    2.8782
  QMMM:    42       42      H        1.9539   10.5653    4.2907
  QMMM:    43       43      H        5.7442   12.5679    6.0983

           --------- Calculation Completed ----------

